<?xml version="1.0" encoding="UTF-8"?>
<!-- Generated by org.testng.reporters.JUnitReportReporter -->
<testsuite hostname="Keshavaraj" failures="3" tests="4" name="testRunner.BlazedemoTest1" time="43.698" errors="0" timestamp="2023-04-18T15:00:22 IST" skipped="0">
  <testcase classname="testRunner.BlazedemoTest1" name="runScenario" time="9.943">
    <failure message="null" type="java.lang.AssertionError">
      <![CDATA[java.lang.AssertionError: null
at org.testng.Assert.fail(Assert.java:99)
at org.testng.Assert.fail(Assert.java:106)
at blazedemoTestPom.BlazedemoTest.validate_the_total_cost(BlazedemoTest.java:79)
at ✽.validate the total cost(file:///C:/Users/HP/git/cucumberrepository/cucumberframework/src/main/java/featureFile/Blazedemo.feature:19)
]]>
    </failure>
  </testcase> <!-- runScenario -->
  <system-out/>
  <testcase classname="testRunner.BlazedemoTest1" name="runScenario" time="12.065"/>
  <system-out/>
  <testcase classname="testRunner.BlazedemoTest1" name="runScenario" time="11.250">
    <failure message="null" type="java.lang.AssertionError">
      <![CDATA[java.lang.AssertionError: null
at org.testng.Assert.fail(Assert.java:99)
at org.testng.Assert.fail(Assert.java:106)
at blazedemoTestPom.BlazedemoTest.validate_the_total_cost(BlazedemoTest.java:79)
at ✽.validate the total cost(file:///C:/Users/HP/git/cucumberrepository/cucumberframework/src/main/java/featureFile/Blazedemo.feature:32)
]]>
    </failure>
  </testcase> <!-- runScenario -->
  <system-out/>
  <testcase classname="testRunner.BlazedemoTest1" name="runScenario" time="10.440">
    <failure message="null" type="java.lang.AssertionError">
      <![CDATA[java.lang.AssertionError: null
at org.testng.Assert.fail(Assert.java:99)
at org.testng.Assert.fail(Assert.java:106)
at blazedemoTestPom.BlazedemoTest.validate_the_total_cost(BlazedemoTest.java:79)
at ✽.validate the total cost(file:///C:/Users/HP/git/cucumberrepository/cucumberframework/src/main/java/featureFile/Blazedemo.feature:19)
]]>
    </failure>
  </testcase> <!-- runScenario -->
  <system-out/>
</testsuite> <!-- testRunner.BlazedemoTest1 -->
