<?xml version="1.0" encoding="UTF-8"?>
<testng-results ignored="0" total="4" passed="1" failed="3" skipped="0">
  <reporter-output>
  </reporter-output>
  <suite started-at="2023-04-18T14:59:33 IST" name="Default suite" finished-at="2023-04-18T15:00:21 IST" duration-ms="48706">
    <groups>
      <group name="cucumber">
        <method signature="AbstractTestNGCucumberTests.runScenario(io.cucumber.testng.PickleWrapper,io.cucumber.testng.FeatureWrapper)[pri:0, instance:testRunner.BlazedemoTest1@449a4f23]" name="runScenario" class="io.cucumber.testng.AbstractTestNGCucumberTests"/>
      </group> <!-- cucumber -->
    </groups>
    <test started-at="2023-04-18T14:59:33 IST" name="Default test" finished-at="2023-04-18T15:00:21 IST" duration-ms="48706">
      <class name="testRunner.BlazedemoTest1">
        <test-method is-config="true" signature="setUpClass()[pri:0, instance:testRunner.BlazedemoTest1@449a4f23]" started-at="2023-04-18T14:59:33 IST" name="setUpClass" finished-at="2023-04-18T14:59:33 IST" duration-ms="880" status="PASS">
          <reporter-output>
          </reporter-output>
        </test-method> <!-- setUpClass -->
        <test-method signature="runScenario(io.cucumber.testng.PickleWrapper,io.cucumber.testng.FeatureWrapper)[pri:0, instance:testRunner.BlazedemoTest1@449a4f23]" started-at="2023-04-18T14:59:33 IST" name="runScenario" description="Runs Cucumber Scenarios" data-provider="scenarios" finished-at="2023-04-18T14:59:46 IST" duration-ms="12065" status="PASS">
          <params>
            <param index="0">
              <value>
                <![CDATA["In home page validate beach link"]]>
              </value>
            </param>
            <param index="1">
              <value>
                <![CDATA["Optional[Book the flight]"]]>
              </value>
            </param>
          </params>
          <reporter-output>
          </reporter-output>
        </test-method> <!-- runScenario -->
        <test-method signature="runScenario(io.cucumber.testng.PickleWrapper,io.cucumber.testng.FeatureWrapper)[pri:0, instance:testRunner.BlazedemoTest1@449a4f23]" started-at="2023-04-18T14:59:46 IST" name="runScenario" description="Runs Cucumber Scenarios" data-provider="scenarios" finished-at="2023-04-18T14:59:56 IST" duration-ms="10440" status="FAIL">
          <params>
            <param index="0">
              <value>
                <![CDATA["In home page select Departure and Destination city then find flights"]]>
              </value>
            </param>
            <param index="1">
              <value>
                <![CDATA["Optional[Book the flight]"]]>
              </value>
            </param>
          </params>
          <exception class="java.lang.AssertionError">
            <message>
              <![CDATA[null]]>
            </message>
            <full-stacktrace>
              <![CDATA[java.lang.AssertionError: null
at org.testng.Assert.fail(Assert.java:99)
at org.testng.Assert.fail(Assert.java:106)
at blazedemoTestPom.BlazedemoTest.validate_the_total_cost(BlazedemoTest.java:79)
at ✽.validate the total cost(file:///C:/Users/HP/git/cucumberrepository/cucumberframework/src/main/java/featureFile/Blazedemo.feature:19)
]]>
            </full-stacktrace>
          </exception> <!-- java.lang.AssertionError -->
          <reporter-output>
          </reporter-output>
        </test-method> <!-- runScenario -->
        <test-method signature="runScenario(io.cucumber.testng.PickleWrapper,io.cucumber.testng.FeatureWrapper)[pri:0, instance:testRunner.BlazedemoTest1@449a4f23]" started-at="2023-04-18T14:59:56 IST" name="runScenario" description="Runs Cucumber Scenarios" data-provider="scenarios" finished-at="2023-04-18T15:00:06 IST" duration-ms="9943" status="FAIL">
          <params>
            <param index="0">
              <value>
                <![CDATA["In home page select Departure and Destination city then find flights"]]>
              </value>
            </param>
            <param index="1">
              <value>
                <![CDATA["Optional[Book the flight]"]]>
              </value>
            </param>
          </params>
          <exception class="java.lang.AssertionError">
            <message>
              <![CDATA[null]]>
            </message>
            <full-stacktrace>
              <![CDATA[java.lang.AssertionError: null
at org.testng.Assert.fail(Assert.java:99)
at org.testng.Assert.fail(Assert.java:106)
at blazedemoTestPom.BlazedemoTest.validate_the_total_cost(BlazedemoTest.java:79)
at ✽.validate the total cost(file:///C:/Users/HP/git/cucumberrepository/cucumberframework/src/main/java/featureFile/Blazedemo.feature:19)
]]>
            </full-stacktrace>
          </exception> <!-- java.lang.AssertionError -->
          <reporter-output>
          </reporter-output>
        </test-method> <!-- runScenario -->
        <test-method signature="runScenario(io.cucumber.testng.PickleWrapper,io.cucumber.testng.FeatureWrapper)[pri:0, instance:testRunner.BlazedemoTest1@449a4f23]" started-at="2023-04-18T15:00:06 IST" name="runScenario" description="Runs Cucumber Scenarios" data-provider="scenarios" finished-at="2023-04-18T15:00:17 IST" duration-ms="11250" status="FAIL">
          <params>
            <param index="0">
              <value>
                <![CDATA["purchase the flight by filling the form then validate confirmation page and get id"]]>
              </value>
            </param>
            <param index="1">
              <value>
                <![CDATA["Optional[Book the flight]"]]>
              </value>
            </param>
          </params>
          <exception class="java.lang.AssertionError">
            <message>
              <![CDATA[null]]>
            </message>
            <full-stacktrace>
              <![CDATA[java.lang.AssertionError: null
at org.testng.Assert.fail(Assert.java:99)
at org.testng.Assert.fail(Assert.java:106)
at blazedemoTestPom.BlazedemoTest.validate_the_total_cost(BlazedemoTest.java:79)
at ✽.validate the total cost(file:///C:/Users/HP/git/cucumberrepository/cucumberframework/src/main/java/featureFile/Blazedemo.feature:32)
]]>
            </full-stacktrace>
          </exception> <!-- java.lang.AssertionError -->
          <reporter-output>
          </reporter-output>
        </test-method> <!-- runScenario -->
        <test-method is-config="true" signature="tearDownClass()[pri:0, instance:testRunner.BlazedemoTest1@449a4f23]" started-at="2023-04-18T15:00:17 IST" name="tearDownClass" finished-at="2023-04-18T15:00:21 IST" duration-ms="4097" status="PASS">
          <reporter-output>
          </reporter-output>
        </test-method> <!-- tearDownClass -->
      </class> <!-- testRunner.BlazedemoTest1 -->
    </test> <!-- Default test -->
  </suite> <!-- Default suite -->
</testng-results>
